2018-05-06 21:41:31.3955 INFO Started: SWD Page Recorder v2.46 (Build Number: 2015.06.05) 
2018-05-06 21:45:20.5667 INFO StartDriver - Entered 
2018-05-06 21:45:20.5823 INFO PerformSlowOperation: Started for operation: Operation: Start new WebDriver instance 
2018-05-06 21:45:29.5661 INFO PerformSlowOperation: Finished for operation: Operation: Start new WebDriver instance 
2018-05-06 21:45:29.5661 INFO PerformSlowOperation: Operation result: successful :) 
2018-05-06 21:45:29.5817 INFO StartDriver - Exited 
2018-05-06 21:48:02.9072 INFO StopDriver - Entered 
2018-05-06 21:48:03.0008 INFO PerformSlowOperation: Started for operation: Operation: Stop WebDriver instance 
2018-05-06 21:48:03.0164 INFO CloseDriver Entered 
2018-05-06 21:48:03.0476 INFO CloseDriver Exited 
2018-05-06 21:48:03.0632 INFO PerformSlowOperation: Finished for operation: Operation: Stop WebDriver instance 
2018-05-06 21:48:03.0632 INFO PerformSlowOperation: Operation result: successful :) 
2018-05-06 21:48:03.0632 INFO StopDriver - Exited 
2018-05-06 21:48:06.4640 INFO StartDriver - Entered 
2018-05-06 21:48:06.4796 INFO PerformSlowOperation: Started for operation: Operation: Start new WebDriver instance 
2018-05-06 21:48:09.7250 INFO PerformSlowOperation: Finished for operation: Operation: Start new WebDriver instance 
2018-05-06 21:48:09.7250 INFO PerformSlowOperation: Operation result: successful :) 
2018-05-06 21:48:09.7562 INFO StartDriver - Exited 
2018-05-06 21:55:03.1558 INFO InjectVisualSearch: Started 
2018-05-06 21:55:07.3522 ERROR chrome not reachable
  (Session info: chrome=66.0.3359.139)
  (Driver info: chromedriver=2.37.544315 (730aa6a5fdba159ac9f4c1e8cbc59bf1b5ce12b7),platform=Windows NT 6.1.7601 SP1 x86_64) (100) System.InvalidOperationException: chrome not reachable
  (Session info: chrome=66.0.3359.139)
  (Driver info: chromedriver=2.37.544315 (730aa6a5fdba159ac9f4c1e8cbc59bf1b5ce12b7),platform=Windows NT 6.1.7601 SP1 x86_64) (100)
   at OpenQA.Selenium.Remote.RemoteWebDriver.UnpackAndThrowOnError(Response errorResponse)
   at OpenQA.Selenium.Remote.RemoteWebDriver.Execute(String driverCommandToExecute, Dictionary`2 parameters)
   at OpenQA.Selenium.Remote.RemoteWebDriver.ExecuteScriptCommand(String script, String commandName, Object[] args)
   at SwdPageRecorder.WebDriver.SwdBrowserUtils.JavaScriptUtils.IsVisualSearchScriptInjected(IWebDriver webDriver)
   at SwdPageRecorder.WebDriver.SwdBrowserUtils.JavaScriptUtils.InjectVisualSearch(IWebDriver webDriver)
   at SwdPageRecorder.WebDriver.SwdBrowser.InjectVisualSearch()
   at SwdPageRecorder.UI.SwdMainPresenter.StartVisualSearch()
   at SwdPageRecorder.UI.SwdMainPresenter.ChangeVisualSearchRunningState()
   at SwdPageRecorder.UI.SwdMainView.btnStartVisualSearch_Click(Object sender, EventArgs e)
   at System.Windows.Forms.Control.OnClick(EventArgs e)
   at System.Windows.Forms.Button.OnClick(EventArgs e)
   at System.Windows.Forms.Button.OnMouseUp(MouseEventArgs mevent)
   at System.Windows.Forms.Control.WmMouseUp(Message& m, MouseButtons button, Int32 clicks)
   at System.Windows.Forms.Control.WndProc(Message& m)
   at System.Windows.Forms.ButtonBase.WndProc(Message& m)
   at System.Windows.Forms.Button.WndProc(Message& m)
   at System.Windows.Forms.NativeWindow.Callback(IntPtr hWnd, Int32 msg, IntPtr wparam, IntPtr lparam)    at OpenQA.Selenium.Remote.RemoteWebDriver.UnpackAndThrowOnError(Response errorResponse)
   at OpenQA.Selenium.Remote.RemoteWebDriver.Execute(String driverCommandToExecute, Dictionary`2 parameters)
   at OpenQA.Selenium.Remote.RemoteWebDriver.ExecuteScriptCommand(String script, String commandName, Object[] args)
   at SwdPageRecorder.WebDriver.SwdBrowserUtils.JavaScriptUtils.IsVisualSearchScriptInjected(IWebDriver webDriver)
   at SwdPageRecorder.WebDriver.SwdBrowserUtils.JavaScriptUtils.InjectVisualSearch(IWebDriver webDriver)
   at SwdPageRecorder.WebDriver.SwdBrowser.InjectVisualSearch()
   at SwdPageRecorder.UI.SwdMainPresenter.StartVisualSearch()
   at SwdPageRecorder.UI.SwdMainPresenter.ChangeVisualSearchRunningState()
   at SwdPageRecorder.UI.SwdMainView.btnStartVisualSearch_Click(Object sender, EventArgs e)
   at System.Windows.Forms.Control.OnClick(EventArgs e)
   at System.Windows.Forms.Button.OnClick(EventArgs e)
   at System.Windows.Forms.Button.OnMouseUp(MouseEventArgs mevent)
   at System.Windows.Forms.Control.WmMouseUp(Message& m, MouseButtons button, Int32 clicks)
   at System.Windows.Forms.Control.WndProc(Message& m)
   at System.Windows.Forms.ButtonBase.WndProc(Message& m)
   at System.Windows.Forms.Button.WndProc(Message& m)
   at System.Windows.Forms.NativeWindow.Callback(IntPtr hWnd, Int32 msg, IntPtr wparam, IntPtr lparam)
2018-05-06 21:55:23.3423 INFO StopDriver - Entered 
2018-05-06 21:55:23.4359 INFO PerformSlowOperation: Started for operation: Operation: Stop WebDriver instance 
2018-05-06 21:55:23.4359 INFO CloseDriver Entered 
2018-05-06 21:55:23.4671 INFO CloseDriver Exited 
2018-05-06 21:55:23.4671 INFO PerformSlowOperation: Finished for operation: Operation: Stop WebDriver instance 
2018-05-06 21:55:23.4827 INFO PerformSlowOperation: Operation result: successful :) 
2018-05-06 21:55:23.4827 INFO StopDriver - Exited 
2018-05-06 21:55:25.6979 INFO StartDriver - Entered 
2018-05-06 21:55:25.6979 INFO PerformSlowOperation: Started for operation: Operation: Start new WebDriver instance 
2018-05-06 21:55:28.5060 INFO PerformSlowOperation: Finished for operation: Operation: Start new WebDriver instance 
2018-05-06 21:55:28.5060 INFO PerformSlowOperation: Operation result: successful :) 
2018-05-06 21:55:28.5260 INFO StartDriver - Exited 
2018-05-06 21:57:05.6814 INFO InjectVisualSearch: Started 
2018-05-06 21:57:05.7464 INFO |-> InjectJSON2ObjectForWierdBrowsers(): Started 
2018-05-06 21:57:05.8239 INFO |-> InjectJSON2ObjectForWierdBrowsers(): All fine :D. We are working with a modern browser/mode ^_^ 
2018-05-06 21:57:05.8239 INFO |-> InjectJSON2ObjectForWierdBrowsers(): Finished 
2018-05-06 21:57:05.8239 INFO InjectVisualSearch: Was not injected. Perform Inject 
2018-05-06 21:57:05.8789 INFO InjectVisualSearch: Finished 
2018-05-06 21:57:05.8789 INFO VisualSearch_UpdateSearchResult: Started 
2018-05-06 21:58:31.0925 INFO JSON:
[
{ "Key": "_ngcontent-c25", "Value": ""},]
 
2018-05-06 22:04:34.0252 INFO JSON:
[
{ "Key": "class", "Value": "button-text"},]
 
2018-05-06 22:05:05.4057 INFO VisualSearch_UpdateSearchResult: Finished 
2018-05-06 22:05:10.8807 INFO StopDriver - Entered 
2018-05-06 22:05:10.9782 INFO PerformSlowOperation: Started for operation: Operation: Stop WebDriver instance 
2018-05-06 22:05:10.9782 INFO CloseDriver Entered 
2018-05-06 22:05:11.0157 INFO CloseDriver Exited 
2018-05-06 22:05:11.0207 INFO PerformSlowOperation: Finished for operation: Operation: Stop WebDriver instance 
2018-05-06 22:05:11.0207 INFO PerformSlowOperation: Operation result: successful :) 
2018-05-06 22:05:11.0207 INFO StopDriver - Exited 
2018-05-06 22:14:05.8722 INFO StartDriver - Entered 
2018-05-06 22:14:05.8878 INFO PerformSlowOperation: Started for operation: Operation: Start new WebDriver instance 
2018-05-06 22:14:08.6890 INFO PerformSlowOperation: Finished for operation: Operation: Start new WebDriver instance 
2018-05-06 22:14:08.6940 INFO PerformSlowOperation: Operation result: successful :) 
2018-05-06 22:14:08.6940 INFO StartDriver - Exited 
2018-05-06 22:15:32.1989 INFO InjectVisualSearch: Started 
2018-05-06 22:15:32.2564 INFO |-> InjectJSON2ObjectForWierdBrowsers(): Started 
2018-05-06 22:15:32.2739 INFO |-> InjectJSON2ObjectForWierdBrowsers(): All fine :D. We are working with a modern browser/mode ^_^ 
2018-05-06 22:15:32.2739 INFO |-> InjectJSON2ObjectForWierdBrowsers(): Finished 
2018-05-06 22:15:32.2739 INFO InjectVisualSearch: Was not injected. Perform Inject 
2018-05-06 22:15:32.3289 INFO InjectVisualSearch: Finished 
2018-05-06 22:15:32.3289 INFO VisualSearch_UpdateSearchResult: Started 
2018-05-06 22:18:57.2245 INFO JSON:
[
{ "Key": "_ngcontent-c25", "Value": ""},]
 
2018-05-06 22:19:41.4877 ERROR UpdateWebElementWithAdditionalProperties:
Failed to find element: How=XPath;   Locator=/html/body/cnh-fleet[1]/tc-page-main[1]/div[2]/tc-page-overview[1]/cnh-layout-horizontal-split[1]/div[1]/cnh-utility-bar[1]/div[1]/div[3]/div[1]/cnh-vehicle-filters[1]/mcl-advanced-select[1]/div[1]/div[2]/div[2]/div[2]/span[1]
With exception:
 ReadElementAttributes: Element was not foundBy.XPath: /html/body/cnh-fleet[1]/tc-page-main[1]/div[2]/tc-page-overview[1]/cnh-layout-horizontal-split[1]/div[1]/cnh-utility-bar[1]/div[1]/div[3]/div[1]/cnh-vehicle-filters[1]/mcl-advanced-select[1]/div[1]/div[2]/div[2]/div[2]/span[1] 
2018-05-06 22:20:00.7455 INFO VisualSearch_UpdateSearchResult: Finished 
2018-05-06 22:20:03.3081 INFO StopDriver - Entered 
2018-05-06 22:20:03.4181 INFO PerformSlowOperation: Started for operation: Operation: Stop WebDriver instance 
2018-05-06 22:20:03.4181 INFO CloseDriver Entered 
2018-05-06 22:20:03.4581 INFO CloseDriver Exited 
2018-05-06 22:20:03.4581 INFO PerformSlowOperation: Finished for operation: Operation: Stop WebDriver instance 
2018-05-06 22:20:03.4581 INFO PerformSlowOperation: Operation result: successful :) 
2018-05-06 22:20:03.4581 INFO StopDriver - Exited 
2018-05-06 22:44:51.2278 INFO CloseDriver Entered 
2018-05-06 22:44:51.2278 INFO CloseDriver Exited 
2018-05-06 22:44:51.2278 INFO CloseDriver Entered 
2018-05-06 22:44:51.2278 INFO CloseDriver Exited 
