2018-07-26 16:00:26,973 [Worker-2: Loading available Gradle versions] INFO  c.g.t.t.d.PublishedGradleVersions - Gradle version information cache is up-to-date. Trying to read.
2018-07-30 10:47:13,234 [Worker-5: Loading available Gradle versions] INFO  c.g.t.t.d.PublishedGradleVersions - Gradle version information cache is out-of-date. Trying to update.
2018-07-31 10:51:46,810 [Worker-2: Loading available Gradle versions] INFO  c.g.t.t.d.PublishedGradleVersions - Gradle version information cache is out-of-date. Trying to update.
2018-07-31 17:10:14,152 [Worker-1: Loading available Gradle versions] INFO  c.g.t.t.d.PublishedGradleVersions - Gradle version information cache is up-to-date. Trying to read.
2018-07-31 18:42:06,130 [Worker-1: Loading available Gradle versions] INFO  c.g.t.t.d.PublishedGradleVersions - Gradle version information cache is up-to-date. Trying to read.
2018-07-31 19:08:22,906 [Worker-5: Loading available Gradle versions] INFO  c.g.t.t.d.PublishedGradleVersions - Gradle version information cache is up-to-date. Trying to read.
2018-08-01 10:54:40,556 [Worker-5: Loading available Gradle versions] INFO  c.g.t.t.d.PublishedGradleVersions - Gradle version information cache is out-of-date. Trying to update.
2018-08-02 16:57:07,282 [Worker-5: Loading available Gradle versions] INFO  c.g.t.t.d.PublishedGradleVersions - Gradle version information cache is up-to-date. Trying to read.
2018-08-06 11:21:47,922 [Worker-2: Loading available Gradle versions] INFO  c.g.t.t.d.PublishedGradleVersions - Gradle version information cache is out-of-date. Trying to update.
2018-08-06 13:15:44,172 [Worker-12: Loading available Gradle versions] INFO  c.g.t.t.d.PublishedGradleVersions - Gradle version information cache is up-to-date. Trying to read.
2018-08-07 16:08:48,217 [Worker-1: Loading available Gradle versions] INFO  c.g.t.t.d.PublishedGradleVersions - Gradle version information cache is out-of-date. Trying to update.
2018-08-08 10:20:22,908 [Worker-1: Loading available Gradle versions] INFO  c.g.t.t.d.PublishedGradleVersions - Gradle version information cache is up-to-date. Trying to read.
2018-08-08 10:25:50,187 [Worker-3: Loading available Gradle versions] INFO  c.g.t.t.d.PublishedGradleVersions - Gradle version information cache is up-to-date. Trying to read.
2018-08-08 16:34:49,957 [Worker-1: Loading available Gradle versions] INFO  c.g.t.t.d.PublishedGradleVersions - Gradle version information cache is out-of-date. Trying to update.
2018-08-09 10:49:37,884 [Worker-6: Loading available Gradle versions] INFO  c.g.t.t.d.PublishedGradleVersions - Gradle version information cache is up-to-date. Trying to read.
2018-08-09 12:55:10,352 [Worker-2: Loading available Gradle versions] INFO  c.g.t.t.d.PublishedGradleVersions - Gradle version information cache is up-to-date. Trying to read.
2018-08-09 15:45:40,132 [Worker-3: Loading available Gradle versions] INFO  c.g.t.t.d.PublishedGradleVersions - Gradle version information cache is up-to-date. Trying to read.
2018-08-09 18:19:39,012 [Worker-5: Loading available Gradle versions] INFO  c.g.t.t.d.PublishedGradleVersions - Gradle version information cache is out-of-date. Trying to update.
2018-08-10 11:42:54,224 [Worker-2: Loading available Gradle versions] INFO  c.g.t.t.d.PublishedGradleVersions - Gradle version information cache is up-to-date. Trying to read.
2018-08-13 13:50:16,826 [Worker-1: Loading available Gradle versions] INFO  c.g.t.t.d.PublishedGradleVersions - Gradle version information cache is out-of-date. Trying to update.
2018-08-13 13:50:18,436 [Worker-1: Loading available Gradle versions] ERROR c.g.t.t.d.PublishedGradleVersions - Cannot write Gradle version information cache file.
java.io.FileNotFoundException: C:\Users\mapatil\.tooling\gradle\versions.json (Access is denied)
	at java.io.FileOutputStream.open0(Native Method) ~[na:1.8.0_171]
	at java.io.FileOutputStream.open(Unknown Source) ~[na:1.8.0_171]
	at java.io.FileOutputStream.<init>(Unknown Source) ~[na:1.8.0_171]
	at com.google.common.io.Files$FileByteSink.openStream(Files.java:245) ~[com.google.guava_15.0.0.v201403281430.jar:na]
	at com.google.common.io.Files$FileByteSink.openStream(Files.java:233) ~[com.google.guava_15.0.0.v201403281430.jar:na]
	at com.google.common.io.ByteSink$AsCharSink.openStream(ByteSink.java:158) ~[com.google.guava_15.0.0.v201403281430.jar:na]
	at com.google.common.io.CharSource.copyTo(CharSource.java:138) ~[com.google.guava_15.0.0.v201403281430.jar:na]
	at com.gradleware.tooling.toolingutils.distribution.PublishedGradleVersions.storeCacheVersionsFile(PublishedGradleVersions.java:194) [com.gradleware.tooling.utils_0.19.4.v20171108133209.jar:na]
	at com.gradleware.tooling.toolingutils.distribution.PublishedGradleVersions.tryToDownloadAndCacheVersions(PublishedGradleVersions.java:160) [com.gradleware.tooling.utils_0.19.4.v20171108133209.jar:na]
	at com.gradleware.tooling.toolingutils.distribution.PublishedGradleVersions.tryToUpdateOutdatedVersionsFile(PublishedGradleVersions.java:143) [com.gradleware.tooling.utils_0.19.4.v20171108133209.jar:na]
	at com.gradleware.tooling.toolingutils.distribution.PublishedGradleVersions.create(PublishedGradleVersions.java:127) [com.gradleware.tooling.utils_0.19.4.v20171108133209.jar:na]
	at org.eclipse.buildship.core.util.gradle.PublishedGradleVersionsWrapper$LoadVersionsJob.run(PublishedGradleVersionsWrapper.java:66) [org.eclipse.buildship.core_2.2.1.v20180125-1441.jar:na]
	at org.eclipse.core.internal.jobs.Worker.run(Worker.java:60) [org.eclipse.core.jobs_3.10.0.v20180427-1454.jar:na]
2018-08-14 10:31:08,790 [Worker-0: Loading available Gradle versions] INFO  c.g.t.t.d.PublishedGradleVersions - Gradle version information cache is out-of-date. Trying to update.
2018-08-14 10:31:10,289 [Worker-0: Loading available Gradle versions] ERROR c.g.t.t.d.PublishedGradleVersions - Cannot write Gradle version information cache file.
java.io.FileNotFoundException: C:\Users\mapatil\.tooling\gradle\versions.json (Access is denied)
	at java.io.FileOutputStream.open0(Native Method) ~[na:1.8.0_171]
	at java.io.FileOutputStream.open(Unknown Source) ~[na:1.8.0_171]
	at java.io.FileOutputStream.<init>(Unknown Source) ~[na:1.8.0_171]
	at com.google.common.io.Files$FileByteSink.openStream(Files.java:245) ~[com.google.guava_15.0.0.v201403281430.jar:na]
	at com.google.common.io.Files$FileByteSink.openStream(Files.java:233) ~[com.google.guava_15.0.0.v201403281430.jar:na]
	at com.google.common.io.ByteSink$AsCharSink.openStream(ByteSink.java:158) ~[com.google.guava_15.0.0.v201403281430.jar:na]
	at com.google.common.io.CharSource.copyTo(CharSource.java:138) ~[com.google.guava_15.0.0.v201403281430.jar:na]
	at com.gradleware.tooling.toolingutils.distribution.PublishedGradleVersions.storeCacheVersionsFile(PublishedGradleVersions.java:194) [com.gradleware.tooling.utils_0.19.4.v20171108133209.jar:na]
	at com.gradleware.tooling.toolingutils.distribution.PublishedGradleVersions.tryToDownloadAndCacheVersions(PublishedGradleVersions.java:160) [com.gradleware.tooling.utils_0.19.4.v20171108133209.jar:na]
	at com.gradleware.tooling.toolingutils.distribution.PublishedGradleVersions.tryToUpdateOutdatedVersionsFile(PublishedGradleVersions.java:143) [com.gradleware.tooling.utils_0.19.4.v20171108133209.jar:na]
	at com.gradleware.tooling.toolingutils.distribution.PublishedGradleVersions.create(PublishedGradleVersions.java:127) [com.gradleware.tooling.utils_0.19.4.v20171108133209.jar:na]
	at org.eclipse.buildship.core.util.gradle.PublishedGradleVersionsWrapper$LoadVersionsJob.run(PublishedGradleVersionsWrapper.java:66) [org.eclipse.buildship.core_2.2.1.v20180125-1441.jar:na]
	at org.eclipse.core.internal.jobs.Worker.run(Worker.java:60) [org.eclipse.core.jobs_3.10.0.v20180427-1454.jar:na]
2018-08-14 12:06:56,468 [Worker-1: Loading available Gradle versions] INFO  c.g.t.t.d.PublishedGradleVersions - Gradle version information cache is out-of-date. Trying to update.
2018-08-14 12:06:59,912 [Worker-1: Loading available Gradle versions] ERROR c.g.t.t.d.PublishedGradleVersions - Cannot write Gradle version information cache file.
java.io.FileNotFoundException: C:\Users\mapatil\.tooling\gradle\versions.json (Access is denied)
	at java.io.FileOutputStream.open0(Native Method) ~[na:1.8.0_171]
	at java.io.FileOutputStream.open(Unknown Source) ~[na:1.8.0_171]
	at java.io.FileOutputStream.<init>(Unknown Source) ~[na:1.8.0_171]
	at com.google.common.io.Files$FileByteSink.openStream(Files.java:245) ~[com.google.guava_15.0.0.v201403281430.jar:na]
	at com.google.common.io.Files$FileByteSink.openStream(Files.java:233) ~[com.google.guava_15.0.0.v201403281430.jar:na]
	at com.google.common.io.ByteSink$AsCharSink.openStream(ByteSink.java:158) ~[com.google.guava_15.0.0.v201403281430.jar:na]
	at com.google.common.io.CharSource.copyTo(CharSource.java:138) ~[com.google.guava_15.0.0.v201403281430.jar:na]
	at com.gradleware.tooling.toolingutils.distribution.PublishedGradleVersions.storeCacheVersionsFile(PublishedGradleVersions.java:194) [com.gradleware.tooling.utils_0.19.4.v20171108133209.jar:na]
	at com.gradleware.tooling.toolingutils.distribution.PublishedGradleVersions.tryToDownloadAndCacheVersions(PublishedGradleVersions.java:160) [com.gradleware.tooling.utils_0.19.4.v20171108133209.jar:na]
	at com.gradleware.tooling.toolingutils.distribution.PublishedGradleVersions.tryToUpdateOutdatedVersionsFile(PublishedGradleVersions.java:143) [com.gradleware.tooling.utils_0.19.4.v20171108133209.jar:na]
	at com.gradleware.tooling.toolingutils.distribution.PublishedGradleVersions.create(PublishedGradleVersions.java:127) [com.gradleware.tooling.utils_0.19.4.v20171108133209.jar:na]
	at org.eclipse.buildship.core.util.gradle.PublishedGradleVersionsWrapper$LoadVersionsJob.run(PublishedGradleVersionsWrapper.java:66) [org.eclipse.buildship.core_2.2.1.v20180125-1441.jar:na]
	at org.eclipse.core.internal.jobs.Worker.run(Worker.java:60) [org.eclipse.core.jobs_3.10.0.v20180427-1454.jar:na]
2018-08-14 12:13:56,562 [Worker-13: Loading available Gradle versions] INFO  c.g.t.t.d.PublishedGradleVersions - Gradle version information cache is out-of-date. Trying to update.
2018-08-14 12:13:57,531 [Worker-13: Loading available Gradle versions] ERROR c.g.t.t.d.PublishedGradleVersions - Cannot write Gradle version information cache file.
java.io.FileNotFoundException: C:\Users\mapatil\.tooling\gradle\versions.json (Access is denied)
	at java.io.FileOutputStream.open0(Native Method) ~[na:1.8.0_171]
	at java.io.FileOutputStream.open(Unknown Source) ~[na:1.8.0_171]
	at java.io.FileOutputStream.<init>(Unknown Source) ~[na:1.8.0_171]
	at com.google.common.io.Files$FileByteSink.openStream(Files.java:245) ~[com.google.guava_15.0.0.v201403281430.jar:na]
	at com.google.common.io.Files$FileByteSink.openStream(Files.java:233) ~[com.google.guava_15.0.0.v201403281430.jar:na]
	at com.google.common.io.ByteSink$AsCharSink.openStream(ByteSink.java:158) ~[com.google.guava_15.0.0.v201403281430.jar:na]
	at com.google.common.io.CharSource.copyTo(CharSource.java:138) ~[com.google.guava_15.0.0.v201403281430.jar:na]
	at com.gradleware.tooling.toolingutils.distribution.PublishedGradleVersions.storeCacheVersionsFile(PublishedGradleVersions.java:194) [com.gradleware.tooling.utils_0.19.4.v20171108133209.jar:na]
	at com.gradleware.tooling.toolingutils.distribution.PublishedGradleVersions.tryToDownloadAndCacheVersions(PublishedGradleVersions.java:160) [com.gradleware.tooling.utils_0.19.4.v20171108133209.jar:na]
	at com.gradleware.tooling.toolingutils.distribution.PublishedGradleVersions.tryToUpdateOutdatedVersionsFile(PublishedGradleVersions.java:143) [com.gradleware.tooling.utils_0.19.4.v20171108133209.jar:na]
	at com.gradleware.tooling.toolingutils.distribution.PublishedGradleVersions.create(PublishedGradleVersions.java:127) [com.gradleware.tooling.utils_0.19.4.v20171108133209.jar:na]
	at org.eclipse.buildship.core.util.gradle.PublishedGradleVersionsWrapper$LoadVersionsJob.run(PublishedGradleVersionsWrapper.java:66) [org.eclipse.buildship.core_2.2.1.v20180125-1441.jar:na]
	at org.eclipse.core.internal.jobs.Worker.run(Worker.java:60) [org.eclipse.core.jobs_3.10.0.v20180427-1454.jar:na]
2018-08-14 12:14:50,932 [Worker-2: Loading available Gradle versions] INFO  c.g.t.t.d.PublishedGradleVersions - Gradle version information cache is out-of-date. Trying to update.
2018-08-14 12:14:51,947 [Worker-2: Loading available Gradle versions] ERROR c.g.t.t.d.PublishedGradleVersions - Cannot write Gradle version information cache file.
java.io.FileNotFoundException: C:\Users\mapatil\.tooling\gradle\versions.json (Access is denied)
	at java.io.FileOutputStream.open0(Native Method) ~[na:1.8.0_171]
	at java.io.FileOutputStream.open(Unknown Source) ~[na:1.8.0_171]
	at java.io.FileOutputStream.<init>(Unknown Source) ~[na:1.8.0_171]
	at com.google.common.io.Files$FileByteSink.openStream(Files.java:245) ~[com.google.guava_15.0.0.v201403281430.jar:na]
	at com.google.common.io.Files$FileByteSink.openStream(Files.java:233) ~[com.google.guava_15.0.0.v201403281430.jar:na]
	at com.google.common.io.ByteSink$AsCharSink.openStream(ByteSink.java:158) ~[com.google.guava_15.0.0.v201403281430.jar:na]
	at com.google.common.io.CharSource.copyTo(CharSource.java:138) ~[com.google.guava_15.0.0.v201403281430.jar:na]
	at com.gradleware.tooling.toolingutils.distribution.PublishedGradleVersions.storeCacheVersionsFile(PublishedGradleVersions.java:194) [com.gradleware.tooling.utils_0.19.4.v20171108133209.jar:na]
	at com.gradleware.tooling.toolingutils.distribution.PublishedGradleVersions.tryToDownloadAndCacheVersions(PublishedGradleVersions.java:160) [com.gradleware.tooling.utils_0.19.4.v20171108133209.jar:na]
	at com.gradleware.tooling.toolingutils.distribution.PublishedGradleVersions.tryToUpdateOutdatedVersionsFile(PublishedGradleVersions.java:143) [com.gradleware.tooling.utils_0.19.4.v20171108133209.jar:na]
	at com.gradleware.tooling.toolingutils.distribution.PublishedGradleVersions.create(PublishedGradleVersions.java:127) [com.gradleware.tooling.utils_0.19.4.v20171108133209.jar:na]
	at org.eclipse.buildship.core.util.gradle.PublishedGradleVersionsWrapper$LoadVersionsJob.run(PublishedGradleVersionsWrapper.java:66) [org.eclipse.buildship.core_2.2.1.v20180125-1441.jar:na]
	at org.eclipse.core.internal.jobs.Worker.run(Worker.java:60) [org.eclipse.core.jobs_3.10.0.v20180427-1454.jar:na]
2018-08-14 12:16:08,558 [Worker-4: Loading available Gradle versions] INFO  c.g.t.t.d.PublishedGradleVersions - Gradle version information cache is out-of-date. Trying to update.
2018-08-14 12:16:09,527 [Worker-4: Loading available Gradle versions] ERROR c.g.t.t.d.PublishedGradleVersions - Cannot write Gradle version information cache file.
java.io.FileNotFoundException: C:\Users\mapatil\.tooling\gradle\versions.json (Access is denied)
	at java.io.FileOutputStream.open0(Native Method) ~[na:1.8.0_171]
	at java.io.FileOutputStream.open(Unknown Source) ~[na:1.8.0_171]
	at java.io.FileOutputStream.<init>(Unknown Source) ~[na:1.8.0_171]
	at com.google.common.io.Files$FileByteSink.openStream(Files.java:245) ~[com.google.guava_15.0.0.v201403281430.jar:na]
	at com.google.common.io.Files$FileByteSink.openStream(Files.java:233) ~[com.google.guava_15.0.0.v201403281430.jar:na]
	at com.google.common.io.ByteSink$AsCharSink.openStream(ByteSink.java:158) ~[com.google.guava_15.0.0.v201403281430.jar:na]
	at com.google.common.io.CharSource.copyTo(CharSource.java:138) ~[com.google.guava_15.0.0.v201403281430.jar:na]
	at com.gradleware.tooling.toolingutils.distribution.PublishedGradleVersions.storeCacheVersionsFile(PublishedGradleVersions.java:194) [com.gradleware.tooling.utils_0.19.4.v20171108133209.jar:na]
	at com.gradleware.tooling.toolingutils.distribution.PublishedGradleVersions.tryToDownloadAndCacheVersions(PublishedGradleVersions.java:160) [com.gradleware.tooling.utils_0.19.4.v20171108133209.jar:na]
	at com.gradleware.tooling.toolingutils.distribution.PublishedGradleVersions.tryToUpdateOutdatedVersionsFile(PublishedGradleVersions.java:143) [com.gradleware.tooling.utils_0.19.4.v20171108133209.jar:na]
	at com.gradleware.tooling.toolingutils.distribution.PublishedGradleVersions.create(PublishedGradleVersions.java:127) [com.gradleware.tooling.utils_0.19.4.v20171108133209.jar:na]
	at org.eclipse.buildship.core.util.gradle.PublishedGradleVersionsWrapper$LoadVersionsJob.run(PublishedGradleVersionsWrapper.java:66) [org.eclipse.buildship.core_2.2.1.v20180125-1441.jar:na]
	at org.eclipse.core.internal.jobs.Worker.run(Worker.java:60) [org.eclipse.core.jobs_3.10.0.v20180427-1454.jar:na]
